0 info it worked if it ends with ok
1 verbose cli [ 'C:\\Program Files\\nodejs\\node.exe',
1 verbose cli   'C:\\Program Files\\nodejs\\node_modules\\npm\\bin\\npm-cli.js',
1 verbose cli   'run',
1 verbose cli   'build' ]
2 info using npm@3.10.8
3 info using node@v6.9.1
4 verbose run-script [ 'prebuild', 'build', 'postbuild' ]
5 info lifecycle sala-de-juegos@0.0.0~prebuild: sala-de-juegos@0.0.0
6 silly lifecycle sala-de-juegos@0.0.0~prebuild: no script for prebuild, continuing
7 info lifecycle sala-de-juegos@0.0.0~build: sala-de-juegos@0.0.0
8 verbose lifecycle sala-de-juegos@0.0.0~build: unsafe-perm in lifecycle true
9 verbose lifecycle sala-de-juegos@0.0.0~build: PATH: C:\Program Files\nodejs\node_modules\npm\bin\node-gyp-bin;c:\Users\Lpm\Desktop\TP_LAV4_2017\node_modules\.bin;C:\Program Files\Common Files\Microsoft Shared\Windows Live;C:\ProgramData\Oracle\Java\javapath;C:\Windows\system32;C:\Windows;C:\Windows\System32\Wbem;C:\Windows\System32\WindowsPowerShell\v1.0\;C:\Program Files\Microsoft SQL Server\110\Tools\Binn\;c:\Program Files\Microsoft SQL Server\100\Tools\Binn\VSShell\Common7\IDE\;c:\Program Files\Microsoft SQL Server\100\Tools\Binn\;c:\Program Files\Microsoft SQL Server\100\DTS\Binn\;C:\Program Files\Microsoft SQL Server\Client SDK\ODBC\130\Tools\Binn\;C:\Program Files\Microsoft SQL Server\130\Tools\Binn\;C:\Program Files\Microsoft SQL Server\130\DTS\Binn\;C:\Program Files\Microsoft SQL Server\130\Tools\Binn\ManagementStudio\;c:\Program Files\Microsoft SQL Server\110\Tools\Binn\ManagementStudio\;c:\Program Files\Microsoft SQL Server\110\DTS\Binn\;C:\Program Files\Git\cmd;C:\Users\Lpm\AppData\Local\Android\sdk\platform-tools;C:\Users\Lpm\AppData\Local\Android\sdk\tools;C:\Program Files\Java\jdk1.8.0_111\bin;C:\ant\bin;C:\Program Files\nodejs\;C:\xampp\php;C:\ProgramData\ComposerSetup\bin;C:\Program Files\Common Files\Microsoft Shared\Windows Live;C:\Users\Lpm\AppData\Roaming\npm;C:\Program Files\Microsoft VS Code\bin;C:\Users\Lpm\AppData\Roaming\Composer\vendor\bin
10 verbose lifecycle sala-de-juegos@0.0.0~build: CWD: c:\Users\Lpm\Desktop\TP_LAV4_2017
11 silly lifecycle sala-de-juegos@0.0.0~build: Args: [ '/d /s /c', 'ng build' ]
12 silly lifecycle sala-de-juegos@0.0.0~build: Returned: code: 1  signal: null
13 info lifecycle sala-de-juegos@0.0.0~build: Failed to exec build script
14 verbose stack Error: sala-de-juegos@0.0.0 build: `ng build`
14 verbose stack Exit status 1
14 verbose stack     at EventEmitter.<anonymous> (C:\Program Files\nodejs\node_modules\npm\lib\utils\lifecycle.js:255:16)
14 verbose stack     at emitTwo (events.js:106:13)
14 verbose stack     at EventEmitter.emit (events.js:191:7)
14 verbose stack     at ChildProcess.<anonymous> (C:\Program Files\nodejs\node_modules\npm\lib\utils\spawn.js:40:14)
14 verbose stack     at emitTwo (events.js:106:13)
14 verbose stack     at ChildProcess.emit (events.js:191:7)
14 verbose stack     at maybeClose (internal/child_process.js:877:16)
14 verbose stack     at Process.ChildProcess._handle.onexit (internal/child_process.js:226:5)
15 verbose pkgid sala-de-juegos@0.0.0
16 verbose cwd c:\Users\Lpm\Desktop\TP_LAV4_2017
17 error Windows_NT 6.1.7601
18 error argv "C:\\Program Files\\nodejs\\node.exe" "C:\\Program Files\\nodejs\\node_modules\\npm\\bin\\npm-cli.js" "run" "build"
19 error node v6.9.1
20 error npm  v3.10.8
21 error code ELIFECYCLE
22 error sala-de-juegos@0.0.0 build: `ng build`
22 error Exit status 1
23 error Failed at the sala-de-juegos@0.0.0 build script 'ng build'.
23 error Make sure you have the latest version of node.js and npm installed.
23 error If you do, this is most likely a problem with the sala-de-juegos package,
23 error not with npm itself.
23 error Tell the author that this fails on your system:
23 error     ng build
23 error You can get information on how to open an issue for this project with:
23 error     npm bugs sala-de-juegos
23 error Or if that isn't available, you can get their info via:
23 error     npm owner ls sala-de-juegos
23 error There is likely additional logging output above.
24 verbose exit [ 1, true ]
